mode: set
github.com/nextpkg/goav/chunk/chunk.go:32.38,34.2 1 0
github.com/nextpkg/goav/chunk/chunk.go:37.55,38.20 1 1
github.com/nextpkg/goav/chunk/chunk.go:38.20,40.3 1 0
github.com/nextpkg/goav/chunk/chunk.go:42.2,47.20 5 1
github.com/nextpkg/goav/chunk/chunk.go:47.20,49.3 1 0
github.com/nextpkg/goav/chunk/chunk.go:51.2,51.12 1 1
github.com/nextpkg/goav/chunk/chunk.go:54.54,56.17 1 1
github.com/nextpkg/goav/chunk/chunk.go:57.9,60.17 2 0
github.com/nextpkg/goav/chunk/chunk.go:60.17,62.4 1 0
github.com/nextpkg/goav/chunk/chunk.go:64.3,64.20 1 0
github.com/nextpkg/goav/chunk/chunk.go:65.9,68.17 2 0
github.com/nextpkg/goav/chunk/chunk.go:68.17,70.4 1 0
github.com/nextpkg/goav/chunk/chunk.go:72.3,72.20 1 0
github.com/nextpkg/goav/chunk/chunk.go:75.2,75.12 1 1
github.com/nextpkg/goav/chunk/chunk.go:78.68,86.16 4 1
github.com/nextpkg/goav/chunk/chunk.go:86.16,88.3 1 0
github.com/nextpkg/goav/chunk/chunk.go:91.2,92.16 2 1
github.com/nextpkg/goav/chunk/chunk.go:92.16,94.3 1 0
github.com/nextpkg/goav/chunk/chunk.go:97.2,98.16 2 1
github.com/nextpkg/goav/chunk/chunk.go:98.16,100.3 1 0
github.com/nextpkg/goav/chunk/chunk.go:103.2,104.16 2 1
github.com/nextpkg/goav/chunk/chunk.go:104.16,106.3 1 0
github.com/nextpkg/goav/chunk/chunk.go:109.2,109.30 1 1
github.com/nextpkg/goav/chunk/chunk.go:109.30,112.17 2 1
github.com/nextpkg/goav/chunk/chunk.go:112.17,114.4 1 0
github.com/nextpkg/goav/chunk/chunk.go:116.3,116.19 1 1
github.com/nextpkg/goav/chunk/chunk.go:117.8,119.3 1 1
github.com/nextpkg/goav/chunk/chunk.go:122.2,123.16 2 1
github.com/nextpkg/goav/chunk/chunk.go:123.16,125.3 1 0
github.com/nextpkg/goav/chunk/chunk.go:127.2,127.12 1 1
github.com/nextpkg/goav/chunk/chunk.go:130.68,138.16 4 0
github.com/nextpkg/goav/chunk/chunk.go:138.16,140.3 1 0
github.com/nextpkg/goav/chunk/chunk.go:143.2,144.16 2 0
github.com/nextpkg/goav/chunk/chunk.go:144.16,146.3 1 0
github.com/nextpkg/goav/chunk/chunk.go:149.2,150.16 2 0
github.com/nextpkg/goav/chunk/chunk.go:150.16,152.3 1 0
github.com/nextpkg/goav/chunk/chunk.go:155.2,155.30 1 0
github.com/nextpkg/goav/chunk/chunk.go:155.30,158.17 2 0
github.com/nextpkg/goav/chunk/chunk.go:158.17,160.4 1 0
github.com/nextpkg/goav/chunk/chunk.go:162.3,162.19 1 0
github.com/nextpkg/goav/chunk/chunk.go:163.8,165.3 1 0
github.com/nextpkg/goav/chunk/chunk.go:166.2,170.16 3 0
github.com/nextpkg/goav/chunk/chunk.go:170.16,172.3 1 0
github.com/nextpkg/goav/chunk/chunk.go:174.2,174.12 1 0
github.com/nextpkg/goav/chunk/chunk.go:177.68,185.16 4 0
github.com/nextpkg/goav/chunk/chunk.go:185.16,187.3 1 0
github.com/nextpkg/goav/chunk/chunk.go:190.2,190.30 1 0
github.com/nextpkg/goav/chunk/chunk.go:190.30,193.17 2 0
github.com/nextpkg/goav/chunk/chunk.go:193.17,195.4 1 0
github.com/nextpkg/goav/chunk/chunk.go:197.3,197.19 1 0
github.com/nextpkg/goav/chunk/chunk.go:198.8,200.3 1 0
github.com/nextpkg/goav/chunk/chunk.go:201.2,205.16 3 0
github.com/nextpkg/goav/chunk/chunk.go:205.16,207.3 1 0
github.com/nextpkg/goav/chunk/chunk.go:209.2,209.12 1 0
github.com/nextpkg/goav/chunk/chunk.go:212.68,215.20 2 1
github.com/nextpkg/goav/chunk/chunk.go:215.20,217.20 1 0
github.com/nextpkg/goav/chunk/chunk.go:218.10,221.17 1 0
github.com/nextpkg/goav/chunk/chunk.go:221.17,225.19 2 0
github.com/nextpkg/goav/chunk/chunk.go:225.19,227.6 1 0
github.com/nextpkg/goav/chunk/chunk.go:229.13,232.17 2 0
github.com/nextpkg/goav/chunk/chunk.go:232.17,236.19 2 0
github.com/nextpkg/goav/chunk/chunk.go:236.19,238.6 1 0
github.com/nextpkg/goav/chunk/chunk.go:239.10,241.5 1 0
github.com/nextpkg/goav/chunk/chunk.go:242.4,242.29 1 0
github.com/nextpkg/goav/chunk/chunk.go:246.3,247.17 2 0
github.com/nextpkg/goav/chunk/chunk.go:247.17,249.4 1 0
github.com/nextpkg/goav/chunk/chunk.go:250.8,252.16 1 1
github.com/nextpkg/goav/chunk/chunk.go:252.16,255.18 2 1
github.com/nextpkg/goav/chunk/chunk.go:255.18,257.5 1 0
github.com/nextpkg/goav/chunk/chunk.go:259.4,259.50 1 1
github.com/nextpkg/goav/chunk/chunk.go:259.50,262.53 1 1
github.com/nextpkg/goav/chunk/chunk.go:262.53,264.6 1 0
github.com/nextpkg/goav/chunk/chunk.go:269.2,269.12 1 1
github.com/nextpkg/goav/chunk/chunk.go:273.85,274.20 1 1
github.com/nextpkg/goav/chunk/chunk.go:274.20,276.3 1 0
github.com/nextpkg/goav/chunk/chunk.go:280.2,280.41 1 1
github.com/nextpkg/goav/chunk/chunk.go:280.41,282.3 1 0
github.com/nextpkg/goav/chunk/chunk.go:284.2,285.16 2 1
github.com/nextpkg/goav/chunk/chunk.go:285.16,287.3 1 0
github.com/nextpkg/goav/chunk/chunk.go:290.2,290.22 1 1
github.com/nextpkg/goav/chunk/chunk.go:291.9,292.48 1 1
github.com/nextpkg/goav/chunk/chunk.go:292.48,294.4 1 0
github.com/nextpkg/goav/chunk/chunk.go:295.9,296.48 1 0
github.com/nextpkg/goav/chunk/chunk.go:296.48,298.4 1 0
github.com/nextpkg/goav/chunk/chunk.go:299.9,300.48 1 0
github.com/nextpkg/goav/chunk/chunk.go:300.48,302.4 1 0
github.com/nextpkg/goav/chunk/chunk.go:303.9,304.48 1 1
github.com/nextpkg/goav/chunk/chunk.go:304.48,306.4 1 0
github.com/nextpkg/goav/chunk/chunk.go:307.10,308.58 1 0
github.com/nextpkg/goav/chunk/chunk.go:312.2,313.27 2 1
github.com/nextpkg/goav/chunk/chunk.go:313.27,315.3 1 1
github.com/nextpkg/goav/chunk/chunk.go:318.2,320.39 2 1
github.com/nextpkg/goav/chunk/chunk.go:320.39,322.3 1 0
github.com/nextpkg/goav/chunk/chunk.go:324.2,326.20 3 1
github.com/nextpkg/goav/chunk/chunk.go:326.20,328.3 1 1
github.com/nextpkg/goav/chunk/chunk.go:330.2,330.12 1 1
github.com/nextpkg/goav/chunk/chunk.go:334.67,337.9 2 1
github.com/nextpkg/goav/chunk/chunk.go:338.20,341.17 2 1
github.com/nextpkg/goav/chunk/chunk.go:341.17,343.4 1 0
github.com/nextpkg/goav/chunk/chunk.go:344.24,348.17 2 0
github.com/nextpkg/goav/chunk/chunk.go:348.17,350.4 1 0
github.com/nextpkg/goav/chunk/chunk.go:352.3,353.17 2 0
github.com/nextpkg/goav/chunk/chunk.go:353.17,355.4 1 0
github.com/nextpkg/goav/chunk/chunk.go:356.26,360.17 2 0
github.com/nextpkg/goav/chunk/chunk.go:360.17,362.4 1 0
github.com/nextpkg/goav/chunk/chunk.go:364.3,365.17 2 0
github.com/nextpkg/goav/chunk/chunk.go:365.17,367.4 1 0
github.com/nextpkg/goav/chunk/chunk.go:370.2,370.12 1 1
github.com/nextpkg/goav/chunk/chunk.go:374.57,377.16 2 1
github.com/nextpkg/goav/chunk/chunk.go:377.16,379.3 1 0
github.com/nextpkg/goav/chunk/chunk.go:382.2,383.19 2 1
github.com/nextpkg/goav/chunk/chunk.go:383.19,385.3 1 0
github.com/nextpkg/goav/chunk/chunk.go:388.2,388.20 1 1
github.com/nextpkg/goav/chunk/chunk.go:388.20,389.11 1 1
github.com/nextpkg/goav/chunk/chunk.go:393.2,394.16 2 1
github.com/nextpkg/goav/chunk/chunk.go:394.16,396.3 1 0
github.com/nextpkg/goav/chunk/chunk.go:398.2,398.20 1 1
github.com/nextpkg/goav/chunk/chunk.go:398.20,399.11 1 0
github.com/nextpkg/goav/chunk/chunk.go:403.2,403.26 1 1
github.com/nextpkg/goav/chunk/chunk.go:403.26,405.3 1 0
github.com/nextpkg/goav/chunk/chunk.go:407.2,408.16 2 1
github.com/nextpkg/goav/chunk/chunk.go:408.16,410.3 1 0
github.com/nextpkg/goav/chunk/chunk.go:412.2,413.16 2 1
github.com/nextpkg/goav/chunk/chunk.go:413.16,415.3 1 0
github.com/nextpkg/goav/chunk/chunk.go:417.2,417.20 1 1
github.com/nextpkg/goav/chunk/chunk.go:417.20,418.11 1 0
github.com/nextpkg/goav/chunk/chunk.go:422.2,423.16 2 1
github.com/nextpkg/goav/chunk/chunk.go:423.16,425.3 1 0
github.com/nextpkg/goav/chunk/chunk.go:429.2,429.20 1 1
github.com/nextpkg/goav/chunk/chunk.go:429.20,431.17 2 0
github.com/nextpkg/goav/chunk/chunk.go:431.17,433.4 1 0
github.com/nextpkg/goav/chunk/chunk.go:436.2,436.12 1 1
github.com/nextpkg/goav/chunk/chunk.go:440.74,441.20 1 1
github.com/nextpkg/goav/chunk/chunk.go:441.20,443.3 1 0
github.com/nextpkg/goav/chunk/chunk.go:445.2,445.19 1 1
github.com/nextpkg/goav/chunk/chunk.go:446.23,447.14 1 0
github.com/nextpkg/goav/chunk/chunk.go:448.75,449.14 1 1
github.com/nextpkg/goav/chunk/chunk.go:453.2,462.46 4 1
github.com/nextpkg/goav/chunk/chunk.go:462.46,464.30 1 1
github.com/nextpkg/goav/chunk/chunk.go:464.30,465.9 1 0
github.com/nextpkg/goav/chunk/chunk.go:469.3,469.13 1 1
github.com/nextpkg/goav/chunk/chunk.go:469.13,471.4 1 1
github.com/nextpkg/goav/chunk/chunk.go:471.9,473.4 1 1
github.com/nextpkg/goav/chunk/chunk.go:476.3,477.17 2 1
github.com/nextpkg/goav/chunk/chunk.go:477.17,479.4 1 0
github.com/nextpkg/goav/chunk/chunk.go:482.3,484.38 3 1
github.com/nextpkg/goav/chunk/chunk.go:484.38,486.4 1 1
github.com/nextpkg/goav/chunk/chunk.go:488.3,488.20 1 1
github.com/nextpkg/goav/chunk/chunk.go:488.20,490.4 1 0
github.com/nextpkg/goav/chunk/chunk.go:493.3,497.17 4 1
github.com/nextpkg/goav/chunk/chunk.go:497.17,499.4 1 0
github.com/nextpkg/goav/chunk/chunk.go:502.3,502.34 1 1
github.com/nextpkg/goav/chunk/chunk.go:505.2,505.29 1 1
github.com/nextpkg/goav/chunk/chunk.go:505.29,507.3 1 0
github.com/nextpkg/goav/chunk/chunk.go:509.2,509.12 1 1
github.com/nextpkg/goav/chunk/chunk.go:513.39,517.19 2 0
github.com/nextpkg/goav/chunk/chunk.go:518.32,521.17 2 0
github.com/nextpkg/goav/chunk/chunk.go:521.17,523.4 1 0
github.com/nextpkg/goav/chunk/chunk.go:526.3,526.35 1 0
github.com/nextpkg/goav/chunk/chunk.go:527.32,530.17 2 0
github.com/nextpkg/goav/chunk/chunk.go:530.17,532.4 1 0
github.com/nextpkg/goav/chunk/chunk.go:535.3,535.35 1 0
github.com/nextpkg/goav/chunk/chunk.go:538.2,538.12 1 0
github.com/nextpkg/goav/chunk/msg.go:30.58,42.2 3 1
github.com/nextpkg/goav/chunk/msg.go:45.48,47.2 1 1
github.com/nextpkg/goav/chunk/msg.go:50.41,52.2 1 1
github.com/nextpkg/goav/chunk/msg.go:55.40,57.2 1 1
github.com/nextpkg/goav/chunk/msg.go:60.49,62.2 1 1
github.com/nextpkg/goav/chunk/msg.go:65.52,72.2 3 1
github.com/nextpkg/goav/chunk/msg.go:76.64,90.2 5 1
github.com/nextpkg/goav/chunk/msg.go:93.45,99.2 3 1
github.com/nextpkg/goav/chunk/msg.go:102.43,108.2 3 1
github.com/nextpkg/goav/chunk/msg.go:111.43,117.2 3 1
github.com/nextpkg/goav/chunk/msg.go:120.58,128.2 4 1
github.com/nextpkg/goav/chunk/msg.go:131.48,138.2 3 1
github.com/nextpkg/goav/chunk/msg.go:141.52,148.2 3 1
github.com/nextpkg/goav/chunk/msg.go:151.53,158.2 3 1
github.com/nextpkg/goav/chunk/rw.go:16.63,24.2 3 1
github.com/nextpkg/goav/chunk/rw.go:27.51,29.2 1 1
github.com/nextpkg/goav/chunk/rw.go:32.57,34.11 1 1
github.com/nextpkg/goav/chunk/rw.go:34.11,36.3 1 0
github.com/nextpkg/goav/chunk/rw.go:39.2,40.25 2 1
github.com/nextpkg/goav/chunk/rw.go:40.25,42.17 2 1
github.com/nextpkg/goav/chunk/rw.go:42.17,44.4 1 0
github.com/nextpkg/goav/chunk/rw.go:46.3,46.27 1 1
github.com/nextpkg/goav/chunk/rw.go:49.2,49.17 1 1
github.com/nextpkg/goav/chunk/rw.go:53.57,55.11 1 1
github.com/nextpkg/goav/chunk/rw.go:55.11,57.3 1 0
github.com/nextpkg/goav/chunk/rw.go:60.2,61.25 2 1
github.com/nextpkg/goav/chunk/rw.go:61.25,63.17 2 1
github.com/nextpkg/goav/chunk/rw.go:63.17,65.4 1 0
github.com/nextpkg/goav/chunk/rw.go:67.3,67.34 1 1
github.com/nextpkg/goav/chunk/rw.go:70.2,70.17 1 1
github.com/nextpkg/goav/chunk/rw.go:76.58,78.11 1 1
github.com/nextpkg/goav/chunk/rw.go:78.11,80.3 1 0
github.com/nextpkg/goav/chunk/rw.go:83.2,83.25 1 1
github.com/nextpkg/goav/chunk/rw.go:83.25,87.17 3 1
github.com/nextpkg/goav/chunk/rw.go:87.17,89.4 1 0
github.com/nextpkg/goav/chunk/rw.go:92.2,92.12 1 1
github.com/nextpkg/goav/chunk/rw.go:96.58,98.11 1 1
github.com/nextpkg/goav/chunk/rw.go:98.11,100.3 1 0
github.com/nextpkg/goav/chunk/rw.go:103.2,103.25 1 1
github.com/nextpkg/goav/chunk/rw.go:103.25,107.17 3 1
github.com/nextpkg/goav/chunk/rw.go:107.17,109.4 1 0
github.com/nextpkg/goav/chunk/rw.go:111.3,111.13 1 1
github.com/nextpkg/goav/chunk/rw.go:114.2,114.12 1 1
github.com/nextpkg/goav/chunk/slab.go:28.22,36.2 1 1
github.com/nextpkg/goav/chunk/slab.go:39.35,40.15 1 1
github.com/nextpkg/goav/chunk/slab.go:40.15,41.21 1 0
github.com/nextpkg/goav/chunk/slab.go:44.2,44.14 1 1
github.com/nextpkg/goav/chunk/slab.go:44.14,46.3 1 0
github.com/nextpkg/goav/chunk/slab.go:48.2,48.14 1 1
github.com/nextpkg/goav/chunk/slab.go:48.14,50.3 1 0
github.com/nextpkg/goav/chunk/slab.go:52.2,53.18 2 1
github.com/nextpkg/goav/chunk/slab.go:57.37,58.23 1 1
github.com/nextpkg/goav/chunk/slab.go:58.23,61.3 2 1
github.com/nextpkg/goav/chunk/slab.go:63.2,64.19 2 1
github.com/nextpkg/goav/chunk/slab.go:64.19,65.26 1 1
github.com/nextpkg/goav/chunk/slab.go:65.26,68.4 2 1
github.com/nextpkg/goav/chunk/slab.go:70.3,72.35 3 1
github.com/nextpkg/goav/chunk/slab.go:75.2,78.14 3 1
